Change Component Designator: OldDesignator=C115 NewDesignator=C117
Change Component Designator: OldDesignator=C116 NewDesignator=C118
Change Component Designator: OldDesignator=C117 NewDesignator=C119
Change Component Designator: OldDesignator=C118 NewDesignator=C120
Change Component Designator: OldDesignator=C119 NewDesignator=C121
Change Component Designator: OldDesignator=C120 NewDesignator=C122
Change Component Designator: OldDesignator=C121 NewDesignator=C123
Change Component Designator: OldDesignator=C122 NewDesignator=C124
Change Component Designator: OldDesignator=C123 NewDesignator=C125
Change Component Designator: OldDesignator=C124 NewDesignator=C126
Change Component Designator: OldDesignator=C125 NewDesignator=C127
Change Component Designator: OldDesignator=C126 NewDesignator=C128
Change Component Designator: OldDesignator=C127 NewDesignator=C129
Change Component Designator: OldDesignator=C128 NewDesignator=C130
Change Component Designator: OldDesignator=C129 NewDesignator=C131
Change Component Designator: OldDesignator=C130 NewDesignator=C132
Change Component Designator: OldDesignator=C131 NewDesignator=C133
Change Component Designator: OldDesignator=C132 NewDesignator=C134
Change Component Designator: OldDesignator=C133 NewDesignator=C135
Change Component Designator: OldDesignator=C134 NewDesignator=C136
Change Component Designator: OldDesignator=C135 NewDesignator=C137
Change Component Designator: OldDesignator=C136 NewDesignator=C138
Change Component Designator: OldDesignator=C137 NewDesignator=C139
Change Component Designator: OldDesignator=C138 NewDesignator=C140
Change Component Designator: OldDesignator=C139 NewDesignator=C141
Change Component Designator: OldDesignator=C140 NewDesignator=C142
Change Component Designator: OldDesignator=C141 NewDesignator=C143
Change Component Designator: OldDesignator=C142 NewDesignator=C144
Change Component Designator: OldDesignator=C143 NewDesignator=C145
Change Component Designator: OldDesignator=C144 NewDesignator=C146
Added Component: Designator=C115(CAP_0805)
Add component (AddParameter): Name = "Dielectric"; Value = ""; VariantName = "[No Variations]"
Add component (AddParameter): Name = "Distributor Link"; Value = ""; VariantName = "[No Variations]"
Add component (AddParameter): Name = "LCSC"; Value = ""; VariantName = "[No Variations]"
Add component (AddParameter): Name = "Manufacturer"; Value = ""; VariantName = "[No Variations]"
Add component (AddParameter): Name = "Manufacturer Part Number"; Value = ""; VariantName = "[No Variations]"
Add component (AddParameter): Name = "Rating"; Value = ""; VariantName = "[No Variations]"
Added Component: Designator=C116(CAP_0805)
Add component (AddParameter): Name = "Dielectric"; Value = ""; VariantName = "[No Variations]"
Add component (AddParameter): Name = "Distributor Link"; Value = ""; VariantName = "[No Variations]"
Add component (AddParameter): Name = "LCSC"; Value = ""; VariantName = "[No Variations]"
Add component (AddParameter): Name = "Manufacturer"; Value = ""; VariantName = "[No Variations]"
Add component (AddParameter): Name = "Manufacturer Part Number"; Value = ""; VariantName = "[No Variations]"
Add component (AddParameter): Name = "Rating"; Value = ""; VariantName = "[No Variations]"
Added Component: Designator=FB7(FB_0805)
Add component (AddParameter): Name = "Distributor Link"; Value = ""; VariantName = "[No Variations]"
Add component (AddParameter): Name = "LCSC"; Value = ""; VariantName = "[No Variations]"
Add component (AddParameter): Name = "Manufacturer"; Value = ""; VariantName = "[No Variations]"
Add component (AddParameter): Name = "Manufacturer Part Number"; Value = ""; VariantName = "[No Variations]"
Added Pin To Net: NetName=GND Pin=C115-1
Added Pin To Net: NetName=+3V3 Pin=C115-2
Added Pin To Net: NetName=GND Pin=C116-1
Added Pin To Net: NetName=+3V3ANALOG Pin=C116-2
Added Pin To Net: NetName=+3V3 Pin=FB7-1
Added Pin To Net: NetName=+3V3ANALOG Pin=FB7-2
Change Net Name : Old Net Name=NetC129_1 New Net Name=NetC131_1
Change Net Name : Old Net Name=NetC129_2 New Net Name=NetC131_2
Change Net Name : Old Net Name=NetC132_1 New Net Name=NetC134_1
Change Net Name : Old Net Name=NetC132_2 New Net Name=NetC134_2
Change Net Name : Old Net Name=NetC134_1 New Net Name=NetC136_1
Change Net Name : Old Net Name=NetC135_2 New Net Name=NetC137_2
Change Net Name : Old Net Name=NetC137_1 New Net Name=NetC139_1
Change Net Name : Old Net Name=NetC137_2 New Net Name=NetC139_2
Change Net Name : Old Net Name=NetC140_1 New Net Name=NetC142_1
Change Net Name : Old Net Name=NetC140_2 New Net Name=NetC142_2
Change Net Name : Old Net Name=NetC142_1 New Net Name=NetC144_1
Change Net Name : Old Net Name=NetC143_2 New Net Name=NetC145_2
Added Member To Class: ClassName=AudioADC Member=Component C128 1u
Added Member To Class: ClassName=AudioADC Member=Component C129 1u
Added Member To Class: ClassName=AudioADC Member=Component FB7 120R @ 100MHz
