Removed Pin From Net: NetName=GND Pin=C86-1
Removed Pin From Net: NetName=+3V3 Pin=C86-2
Removed Member From Class: ClassName=FTDIJtagConversion Member=C96
Removed Member From Class: ClassName=AudioADC Member=C131
Change Component Designator: OldDesignator=C87 NewDesignator=C86
Change Component Designator: OldDesignator=C88 NewDesignator=C87
Change Component Designator: OldDesignator=C89 NewDesignator=C88
Change Component Designator: OldDesignator=C90 NewDesignator=C89
Change Component Designator: OldDesignator=C91 NewDesignator=C90
Change Component Designator: OldDesignator=C92 NewDesignator=C91
Change Component Designator: OldDesignator=C93 NewDesignator=C92
Change Component Designator: OldDesignator=C94 NewDesignator=C93
Change Component Designator: OldDesignator=C95 NewDesignator=C94
Change Component Designator: OldDesignator=C96 NewDesignator=C95
Change Component Designator: OldDesignator=C97 NewDesignator=C96
Change Component Designator: OldDesignator=C98 NewDesignator=C97
Change Component Designator: OldDesignator=C99 NewDesignator=C98
Change Component Designator: OldDesignator=C100 NewDesignator=C99
Change Component Designator: OldDesignator=C101 NewDesignator=C100
Change Component Designator: OldDesignator=C102 NewDesignator=C101
Change Component Designator: OldDesignator=C103 NewDesignator=C102
Change Component Designator: OldDesignator=C104 NewDesignator=C103
Change Component Designator: OldDesignator=C105 NewDesignator=C104
Change Component Designator: OldDesignator=C106 NewDesignator=C105
Change Component Designator: OldDesignator=C107 NewDesignator=C106
Change Component Designator: OldDesignator=C108 NewDesignator=C107
Change Component Designator: OldDesignator=C109 NewDesignator=C108
Change Component Designator: OldDesignator=C110 NewDesignator=C109
Change Component Designator: OldDesignator=C111 NewDesignator=C110
Change Component Designator: OldDesignator=C112 NewDesignator=C111
Change Component Designator: OldDesignator=C113 NewDesignator=C112
Change Component Designator: OldDesignator=C114 NewDesignator=C113
Change Component Designator: OldDesignator=C115 NewDesignator=C114
Change Component Designator: OldDesignator=C116 NewDesignator=C115
Change Component Designator: OldDesignator=C117 NewDesignator=C116
Change Component Designator: OldDesignator=C118 NewDesignator=C117
Change Component Designator: OldDesignator=C119 NewDesignator=C118
Change Component Designator: OldDesignator=C120 NewDesignator=C119
Change Component Designator: OldDesignator=C121 NewDesignator=C120
Change Component Designator: OldDesignator=C122 NewDesignator=C121
Change Component Designator: OldDesignator=C123 NewDesignator=C122
Change Component Designator: OldDesignator=C124 NewDesignator=C123
Change Component Designator: OldDesignator=C125 NewDesignator=C124
Change Component Designator: OldDesignator=C126 NewDesignator=C125
Change Component Designator: OldDesignator=C127 NewDesignator=C126
Change Component Designator: OldDesignator=C128 NewDesignator=C127
Change Component Designator: OldDesignator=C129 NewDesignator=C128
Change Component Designator: OldDesignator=C130 NewDesignator=C129
Change Component Designator: OldDesignator=C131 NewDesignator=C130
Change Component Designator: OldDesignator=C132 NewDesignator=C131
Change Component Designator: OldDesignator=C133 NewDesignator=C132
Change Component Designator: OldDesignator=C134 NewDesignator=C133
Change Component Designator: OldDesignator=C135 NewDesignator=C134
Change Component Designator: OldDesignator=C136 NewDesignator=C135
Change Component Designator: OldDesignator=C137 NewDesignator=C136
Change Component Designator: OldDesignator=C138 NewDesignator=C137
Change Component Designator: OldDesignator=C139 NewDesignator=C138
Change Component Designator: OldDesignator=C140 NewDesignator=C139
Change Component Designator: OldDesignator=C141 NewDesignator=C140
Change Component Designator: OldDesignator=C142 NewDesignator=C141
Change Component Designator: OldDesignator=C143 NewDesignator=C142
Change Component Designator: OldDesignator=C144 NewDesignator=C143
Change Component Designator: OldDesignator=C145 NewDesignator=C144
Change Component Designator: OldDesignator=C146 NewDesignator=C145
Change Component Designator: OldDesignator=C147 NewDesignator=C146
Change Net Name : Old Net Name=NetC102_2 New Net Name=NetC101_2
Change Net Name : Old Net Name=NetC103_2 New Net Name=NetC102_2
Change Net Name : Old Net Name=NetC104_2 New Net Name=NetC103_2
Change Net Name : Old Net Name=NetC132_1 New Net Name=NetC131_1
Change Net Name : Old Net Name=NetC132_2 New Net Name=NetC131_2
Change Net Name : Old Net Name=NetC135_1 New Net Name=NetC134_1
Change Net Name : Old Net Name=NetC135_2 New Net Name=NetC134_2
Change Net Name : Old Net Name=NetC137_1 New Net Name=NetC136_1
Change Net Name : Old Net Name=NetC138_2 New Net Name=NetC137_2
Change Net Name : Old Net Name=NetC140_1 New Net Name=NetC139_1
Change Net Name : Old Net Name=NetC140_2 New Net Name=NetC139_2
Change Net Name : Old Net Name=NetC143_1 New Net Name=NetC142_1
Change Net Name : Old Net Name=NetC143_2 New Net Name=NetC142_2
Change Net Name : Old Net Name=NetC145_1 New Net Name=NetC144_1
Change Net Name : Old Net Name=NetC146_2 New Net Name=NetC145_2
Added Member To Class: ClassName=AudioADC Member=Component C127 4u7
Added Member To Class: ClassName=AudioADC Member=Component C129 1u
Added Member To Class: ClassName=AnalogFrontend Member=Component C130 470n
Added Member To Class: ClassName=AnalogFrontend Member=Component C131 100n
Added Member To Class: ClassName=AnalogFrontend Member=Component C133 470n
Added Member To Class: ClassName=AnalogFrontend Member=Component C136 100n
Added Member To Class: ClassName=AnalogFrontend Member=Component C138 470n
Added Member To Class: ClassName=AnalogFrontend Member=Component C140 4u7
Added Member To Class: ClassName=AnalogFrontend Member=Component C143 470p
Added Member To Class: ClassName=AnalogFrontend Member=Component C145 1u
