Removed Pin From Net: NetName=GND Pin=C82-1
Removed Pin From Net: NetName=+3V3VPHY Pin=C82-2
Removed Pin From Net: NetName=+3V3VPHY Pin=C83-2
Removed Pin From Net: NetName=GND Pin=C84-1
Removed Pin From Net: NetName=+3V3VPLL Pin=C84-2
Removed Pin From Net: NetName=+3V3VPLL Pin=C85-2
Removed Pin From Net: NetName=+3V3 Pin=FB2-1
Removed Pin From Net: NetName=+3V3VPHY Pin=FB2-2
Removed Pin From Net: NetName=+3V3 Pin=FB3-1
Removed Pin From Net: NetName=+3V3VPLL Pin=FB3-2
Removed Member From Class: ClassName=USBULPI Member=C101
Removed Member From Class: ClassName=FPGABank3X Member=C103
Removed Member From Class: ClassName=DDR2Module Member=C113
Removed Member From Class: ClassName=AnalogFrontend Member=C127
Removed Member From Class: ClassName=FTDIJtagConversion Member=FB2
Removed Member From Class: ClassName=FTDIJtagConversion Member=FB3
Change Component Designator: OldDesignator=C83 NewDesignator=C82
Change Component Designator: OldDesignator=C85 NewDesignator=C83
Change Component Designator: OldDesignator=C86 NewDesignator=C84
Change Component Designator: OldDesignator=C87 NewDesignator=C85
Change Component Designator: OldDesignator=C88 NewDesignator=C86
Change Component Designator: OldDesignator=C89 NewDesignator=C87
Change Component Designator: OldDesignator=C90 NewDesignator=C88
Change Component Designator: OldDesignator=C91 NewDesignator=C89
Change Component Designator: OldDesignator=C92 NewDesignator=C90
Change Component Designator: OldDesignator=C93 NewDesignator=C91
Change Component Designator: OldDesignator=C94 NewDesignator=C92
Change Component Designator: OldDesignator=C95 NewDesignator=C93
Change Component Designator: OldDesignator=C96 NewDesignator=C94
Change Component Designator: OldDesignator=C97 NewDesignator=C95
Change Component Designator: OldDesignator=C98 NewDesignator=C96
Change Component Designator: OldDesignator=C99 NewDesignator=C97
Change Component Designator: OldDesignator=C100 NewDesignator=C98
Change Component Designator: OldDesignator=C101 NewDesignator=C99
Change Component Designator: OldDesignator=C102 NewDesignator=C100
Change Component Designator: OldDesignator=C103 NewDesignator=C101
Change Component Designator: OldDesignator=C104 NewDesignator=C102
Change Component Designator: OldDesignator=C105 NewDesignator=C103
Change Component Designator: OldDesignator=C106 NewDesignator=C104
Change Component Designator: OldDesignator=C107 NewDesignator=C105
Change Component Designator: OldDesignator=C108 NewDesignator=C106
Change Component Designator: OldDesignator=C109 NewDesignator=C107
Change Component Designator: OldDesignator=C110 NewDesignator=C108
Change Component Designator: OldDesignator=C111 NewDesignator=C109
Change Component Designator: OldDesignator=C112 NewDesignator=C110
Change Component Designator: OldDesignator=C113 NewDesignator=C111
Change Component Designator: OldDesignator=C114 NewDesignator=C112
Change Component Designator: OldDesignator=C115 NewDesignator=C113
Change Component Designator: OldDesignator=C116 NewDesignator=C114
Change Component Designator: OldDesignator=C117 NewDesignator=C115
Change Component Designator: OldDesignator=C118 NewDesignator=C116
Change Component Designator: OldDesignator=C119 NewDesignator=C117
Change Component Designator: OldDesignator=C120 NewDesignator=C118
Change Component Designator: OldDesignator=C121 NewDesignator=C119
Change Component Designator: OldDesignator=C122 NewDesignator=C120
Change Component Designator: OldDesignator=C123 NewDesignator=C121
Change Component Designator: OldDesignator=C124 NewDesignator=C122
Change Component Designator: OldDesignator=C125 NewDesignator=C123
Change Component Designator: OldDesignator=C126 NewDesignator=C124
Change Component Designator: OldDesignator=C127 NewDesignator=C125
Change Component Designator: OldDesignator=C128 NewDesignator=C126
Change Component Designator: OldDesignator=C129 NewDesignator=C127
Change Component Designator: OldDesignator=C130 NewDesignator=C128
Change Component Designator: OldDesignator=C131 NewDesignator=C129
Change Component Designator: OldDesignator=C132 NewDesignator=C130
Change Component Designator: OldDesignator=C133 NewDesignator=C131
Change Component Designator: OldDesignator=C134 NewDesignator=C132
Change Component Designator: OldDesignator=C135 NewDesignator=C133
Change Component Designator: OldDesignator=C136 NewDesignator=C134
Change Component Designator: OldDesignator=C137 NewDesignator=C135
Change Component Designator: OldDesignator=C138 NewDesignator=C136
Change Component Designator: OldDesignator=C139 NewDesignator=C137
Change Component Designator: OldDesignator=C140 NewDesignator=C138
Change Component Designator: OldDesignator=C141 NewDesignator=C139
Change Component Designator: OldDesignator=C142 NewDesignator=C140
Change Component Designator: OldDesignator=C143 NewDesignator=C141
Change Component Designator: OldDesignator=C144 NewDesignator=C142
Change Component Designator: OldDesignator=C145 NewDesignator=C143
Change Component Designator: OldDesignator=C146 NewDesignator=C144
Change Component Designator: OldDesignator=FB4 NewDesignator=FB2
Change Component Designator: OldDesignator=FB5 NewDesignator=FB3
Change Component Designator: OldDesignator=FB6 NewDesignator=FB4
Change Component Designator: OldDesignator=FB7 NewDesignator=FB5
Added Pin To Net: NetName=+3V3 Pin=C82-2
Added Pin To Net: NetName=+3V3 Pin=C83-2
Change Net Name : Old Net Name=NetC101_2 New Net Name=NetC99_2
Change Net Name : Old Net Name=NetC102_2 New Net Name=NetC100_2
Change Net Name : Old Net Name=NetC103_2 New Net Name=NetC101_2
Change Net Name : Old Net Name=NetC131_1 New Net Name=NetC129_1
Change Net Name : Old Net Name=NetC131_2 New Net Name=NetC129_2
Change Net Name : Old Net Name=NetC134_1 New Net Name=NetC132_1
Change Net Name : Old Net Name=NetC134_2 New Net Name=NetC132_2
Change Net Name : Old Net Name=NetC136_1 New Net Name=NetC134_1
Change Net Name : Old Net Name=NetC137_2 New Net Name=NetC135_2
Change Net Name : Old Net Name=NetC139_1 New Net Name=NetC137_1
Change Net Name : Old Net Name=NetC139_2 New Net Name=NetC137_2
Change Net Name : Old Net Name=NetC142_1 New Net Name=NetC140_1
Change Net Name : Old Net Name=NetC142_2 New Net Name=NetC140_2
Change Net Name : Old Net Name=NetC144_1 New Net Name=NetC142_1
Change Net Name : Old Net Name=NetC145_2 New Net Name=NetC143_2
Added Member To Class: ClassName=FTDIJtagConversion Member=Component C86 470n
Added Member To Class: ClassName=FTDIJtagConversion Member=Component C88 4u7
Added Member To Class: ClassName=FTDIJtagConversion Member=Component C90 470n
Added Member To Class: ClassName=FTDIJtagConversion Member=Component C92 C0402
Added Member To Class: ClassName=USBULPI Member=Component C94 470n
Added Member To Class: ClassName=USBULPI Member=Component C96 470n
Added Member To Class: ClassName=USBULPI Member=Component C98 4u7
Added Member To Class: ClassName=FPGABank3X Member=Component C100 470n
Added Member To Class: ClassName=DDR2Module Member=Component C102 100n
Added Member To Class: ClassName=DDR2Module Member=Component C104 470n
Added Member To Class: ClassName=DDR2Module Member=Component C106 470n
Added Member To Class: ClassName=DDR2Module Member=Component C108 470n
Added Member To Class: ClassName=DDR2Module Member=Component C110 470n
Added Member To Class: ClassName=AudioADC Member=Component C112 10u
Added Member To Class: ClassName=AudioADC Member=Component C114 4u7
Added Member To Class: ClassName=AudioADC Member=Component C116 4u7
Added Member To Class: ClassName=AudioADC Member=Component C118 470n
Added Member To Class: ClassName=AudioADC Member=Component C120 470n
Added Member To Class: ClassName=AudioADC Member=Component C122 4u7
Added Member To Class: ClassName=AudioADC Member=Component C124 1u
Added Member To Class: ClassName=AudioADC Member=Component C126 1u
Added Member To Class: ClassName=AnalogFrontend Member=Component C129 100n
Added Member To Class: ClassName=AnalogFrontend Member=Component C131 470n
Added Member To Class: ClassName=AnalogFrontend Member=Component C133 470p
Added Member To Class: ClassName=AnalogFrontend Member=Component C134 100n
Added Member To Class: ClassName=AnalogFrontend Member=Component C136 470n
Added Member To Class: ClassName=AnalogFrontend Member=Component C138 4u7
Added Member To Class: ClassName=AnalogFrontend Member=Component C140 100n
Added Member To Class: ClassName=AnalogFrontend Member=Component C141 470p
Added Member To Class: ClassName=AnalogFrontend Member=Component C143 1u
