Removed Pin From Net: NetName=VBIAS1 Pin=IC10-1
Removed Pin From Net: NetName=VBIAS1 Pin=IC10-2
Removed Pin From Net: NetName=+1V65BIAS Pin=IC10-3
Removed Pin From Net: NetName=NetC142_1 Pin=IC10-5
Removed Pin From Net: NetName=ADC_IN1_P Pin=IC10-6
Removed Pin From Net: NetName=ADC_IN1_P Pin=IC10-7
Removed Pin From Net: NetName=ADC_IN1_N Pin=IC10-8
Removed Pin From Net: NetName=VBIAS1 Pin=IC10-10
Removed Pin From Net: NetName=NetC140_1 Pin=IC10-12
Removed Pin From Net: NetName=NetC137_2 Pin=IC10-14
Removed Pin From Net: NetName=NetIC10_9 Pin=R53-2
Removed Pin From Net: NetName=NetIC10_9 Pin=R56-1
Removed Pin From Net: NetName=NetIC10_13 Pin=R59-2
Removed Pin From Net: NetName=NetIC10_13 Pin=R60-1
Added Pin To Net: NetName=ADC_IN1_P Pin=IC10-1
Added Pin To Net: NetName=ADC_IN1_P Pin=IC10-2
Added Pin To Net: NetName=NetC142_1 Pin=IC10-3
Added Pin To Net: NetName=+1V65BIAS Pin=IC10-5
Added Pin To Net: NetName=VBIAS1 Pin=IC10-6
Added Pin To Net: NetName=VBIAS1 Pin=IC10-7
Added Pin To Net: NetName=NetC137_2 Pin=IC10-8
Added Pin To Net: NetName=NetC140_1 Pin=IC10-10
Added Pin To Net: NetName=VBIAS1 Pin=IC10-12
Added Pin To Net: NetName=ADC_IN1_N Pin=IC10-14
Added Pin To Net: NetName=NetIC10_13 Pin=R53-2
Added Pin To Net: NetName=NetIC10_13 Pin=R56-1
Added Pin To Net: NetName=NetIC10_9 Pin=R59-2
Added Pin To Net: NetName=NetIC10_9 Pin=R60-1
