Removed Pin From Net: NetName=ADC_IN2_P Pin=IC9-1
Removed Pin From Net: NetName=ADC_IN2_P Pin=IC9-2
Removed Pin From Net: NetName=NetC134_1 Pin=IC9-3
Removed Pin From Net: NetName=+1V65BIAS Pin=IC9-5
Removed Pin From Net: NetName=VBIAS2 Pin=IC9-6
Removed Pin From Net: NetName=VBIAS2 Pin=IC9-7
Removed Pin From Net: NetName=NetC129_2 Pin=IC9-8
Removed Pin From Net: NetName=NetC132_1 Pin=IC9-10
Removed Pin From Net: NetName=VBIAS2 Pin=IC9-12
Removed Pin From Net: NetName=ADC_IN2_N Pin=IC9-14
Removed Pin From Net: NetName=NetIC9_13 Pin=R45-2
Removed Pin From Net: NetName=NetIC9_13 Pin=R48-1
Removed Pin From Net: NetName=NetIC9_9 Pin=R51-2
Removed Pin From Net: NetName=NetIC9_9 Pin=R52-1
Added Pin To Net: NetName=VBIAS2 Pin=IC9-1
Added Pin To Net: NetName=VBIAS2 Pin=IC9-2
Added Pin To Net: NetName=+1V65BIAS Pin=IC9-3
Added Pin To Net: NetName=NetC134_1 Pin=IC9-5
Added Pin To Net: NetName=ADC_IN2_P Pin=IC9-6
Added Pin To Net: NetName=ADC_IN2_P Pin=IC9-7
Added Pin To Net: NetName=ADC_IN2_N Pin=IC9-8
Added Pin To Net: NetName=VBIAS2 Pin=IC9-10
Added Pin To Net: NetName=NetC132_1 Pin=IC9-12
Added Pin To Net: NetName=NetC129_2 Pin=IC9-14
Added Pin To Net: NetName=NetIC9_9 Pin=R45-2
Added Pin To Net: NetName=NetIC9_9 Pin=R48-1
Added Pin To Net: NetName=NetIC9_13 Pin=R51-2
Added Pin To Net: NetName=NetIC9_13 Pin=R52-1
