Removed Pin From Net: NetName=GND Pin=C133-1
Removed Pin From Net: NetName=NetC132_2 Pin=C133-2
Removed Pin From Net: NetName=GND Pin=C141-1
Removed Pin From Net: NetName=NetC140_2 Pin=C141-2
Change Component Footprint: Designator=IC4 Old Footprint=CSG324 New Footprint=CSG324
Added Component: Designator=C133(CAP_0402)
Add component (AddParameter): Name = "Dielectric"; Value = ""; VariantName = "[No Variations]"
Add component (AddParameter): Name = "Distributor Link"; Value = ""; VariantName = "[No Variations]"
Add component (AddParameter): Name = "LCSC"; Value = ""; VariantName = "[No Variations]"
Add component (AddParameter): Name = "Manufacturer"; Value = ""; VariantName = "[No Variations]"
Add component (AddParameter): Name = "Manufacturer Part Number"; Value = ""; VariantName = "[No Variations]"
Add component (AddParameter): Name = "Rating"; Value = ""; VariantName = "[No Variations]"
Added Component: Designator=C141(CAP_0402)
Add component (AddParameter): Name = "Dielectric"; Value = ""; VariantName = "[No Variations]"
Add component (AddParameter): Name = "Distributor Link"; Value = ""; VariantName = "[No Variations]"
Add component (AddParameter): Name = "LCSC"; Value = ""; VariantName = "[No Variations]"
Add component (AddParameter): Name = "Manufacturer"; Value = ""; VariantName = "[No Variations]"
Add component (AddParameter): Name = "Manufacturer Part Number"; Value = ""; VariantName = "[No Variations]"
Add component (AddParameter): Name = "Rating"; Value = ""; VariantName = "[No Variations]"
Added Pin To Net: NetName=NetC132_2 Pin=C133-1
Added Pin To Net: NetName=GND Pin=C133-2
Added Pin To Net: NetName=NetC140_2 Pin=C141-1
Added Pin To Net: NetName=GND Pin=C141-2
